::1 - - [19/May/2017:11:15:49 +0200] "GET /index.php HTTP/1.1" 200 3444
::1 - - [19/May/2017:11:15:50 +0200] "GET /favicon.ico HTTP/1.1" 404 209
::1 - - [19/May/2017:12:37:49 +0200] "GET /index.php HTTP/1.1" 200 3444
::1 - - [19/May/2017:12:39:38 +0200] "GET /index.php HTTP/1.1" 200 3444
::1 - - [19/May/2017:14:40:49 +0200] "GET / HTTP/1.1" 200 3444
::1 - - [19/May/2017:14:41:16 +0200] "GET / HTTP/1.1" 200 3444
::1 - - [19/May/2017:14:41:19 +0200] "GET / HTTP/1.1" 200 3444
::1 - - [19/May/2017:14:41:20 +0200] "GET / HTTP/1.1" 200 3444
::1 - - [19/May/2017:14:45:49 +0200] "GET /phpmyadmin HTTP/1.1" 301 241
::1 - - [19/May/2017:14:45:49 +0200] "GET /phpmyadmin/ HTTP/1.1" 200 8195
::1 - - [19/May/2017:14:45:52 +0200] "GET /phpmyadmin/themes/pmahomme/jquery/jquery-ui-1.9.2.custom.css HTTP/1.1" 304 -
::1 - - [19/May/2017:14:45:52 +0200] "GET /phpmyadmin/js/get_scripts.js.php?scripts[]=jquery/jquery-1.8.3.js&scripts[]=ajax.js&scripts[]=keyhandler.js&scripts[]=jquery/jquery-ui-1.9.2.custom.js&scripts[]=jquery/jquery.sprintf.js&scripts[]=jquery/jquery.cookie.js&scripts[]=jquery/jquery.mousewheel.js&scripts[]=jquery/jquery.event.drag-2.2.js&scripts[]=jquery/jquery-ui-timepicker-addon.js&scripts[]=jquery/jquery.ba-hashchange-1.3.js&scripts[]=jquery/jquery.debounce-1.0.5.js&scripts[]=jquery/jquery.menuResizer-1.0.js&scripts[]=rte.js&scripts[]=functions.js&scripts[]=navigation.js&scripts[]=indexes.js&scripts[]=common.js&scripts[]=codemirror/lib/codemirror.js&scripts[]=codemirror/mode/mysql/mysql.js HTTP/1.1" 200 578621
::1 - - [19/May/2017:14:45:52 +0200] "GET /phpmyadmin/phpmyadmin.css.php?server=1&token=e35ace3ac69829165e08b1bc34c35ca7&nocache=4485530717ltr HTTP/1.1" 200 92653
::1 - - [19/May/2017:14:45:52 +0200] "GET /phpmyadmin/js/get_image.js.php?theme=pmahomme HTTP/1.1" 200 6364
::1 - - [19/May/2017:14:45:53 +0200] "GET /phpmyadmin/themes/pmahomme/img/logo_right.png HTTP/1.1" 200 4548
::1 - - [19/May/2017:14:45:53 +0200] "GET /phpmyadmin/themes/dot.gif HTTP/1.1" 200 43
::1 - - [19/May/2017:14:45:52 +0200] "GET /phpmyadmin/js/messages.php?lang=nl&db=&server=0&token=e35ace3ac69829165e08b1bc34c35ca7 HTTP/1.1" 200 18199
::1 - - [19/May/2017:14:45:53 +0200] "GET /phpmyadmin/themes/pmahomme/img/sprites.png HTTP/1.1" 200 61899
::1 - - [19/May/2017:14:45:58 +0200] "POST /phpmyadmin/index.php HTTP/1.1" 302 -
::1 - - [19/May/2017:14:45:58 +0200] "GET /phpmyadmin/index.php?token=e35ace3ac69829165e08b1bc34c35ca7 HTTP/1.1" 200 45408
::1 - - [19/May/2017:14:45:59 +0200] "GET /phpmyadmin/themes/pmahomme/img/logo_left.png HTTP/1.1" 200 2327
::1 - - [19/May/2017:14:45:59 +0200] "GET /phpmyadmin/themes/pmahomme/img/ajax_clock_small.gif HTTP/1.1" 200 1810
::1 - - [19/May/2017:14:45:59 +0200] "GET /phpmyadmin/phpmyadmin.css.php?server=1&token=e35ace3ac69829165e08b1bc34c35ca7&nocache=5980710282ltr HTTP/1.1" 200 92653
::1 - - [19/May/2017:14:45:59 +0200] "GET /phpmyadmin/themes/pmahomme/img/left_nav_bg.png HTTP/1.1" 200 297
::1 - - [19/May/2017:14:45:59 +0200] "GET /phpmyadmin/version_check.php?&_nocache=1495197959568490190 HTTP/1.1" 200 39
::1 - - [19/May/2017:14:46:03 +0200] "GET /phpmyadmin/db_structure.php?server=1&db=magazijnrobot&token=e35ace3ac69829165e08b1bc34c35ca7&ajax_request=true&ajax_page_request=true&menuHashes=781df742&_nocache=1495197963806812165 HTTP/1.1" 200 12868
::1 - - [19/May/2017:14:46:04 +0200] "GET /phpmyadmin/themes/pmahomme/img/arrow_ltr.png HTTP/1.1" 200 139
::1 - - [19/May/2017:14:46:04 +0200] "GET /phpmyadmin/js/get_scripts.js.php?scripts[]=db_structure.js&scripts[]=tbl_change.js HTTP/1.1" 200 12382
::1 - - [19/May/2017:14:46:07 +0200] "GET /phpmyadmin/sql.php?db=magazijnrobot&token=e35ace3ac69829165e08b1bc34c35ca7&goto=db_structure.php&table=product&pos=0&ajax_request=true&ajax_page_request=true&menuHashes=781df742-eef7348f&_nocache=1495197967339959352 HTTP/1.1" 200 61247
::1 - - [19/May/2017:14:46:07 +0200] "GET /phpmyadmin/themes/pmahomme/img/s_fulltext.png HTTP/1.1" 200 193
::1 - - [19/May/2017:14:46:07 +0200] "GET /phpmyadmin/js/get_scripts.js.php?scripts[]=tbl_structure.js&scripts[]=gis_data_editor.js&scripts[]=makegrid.js&scripts[]=sql.js HTTP/1.1" 200 50287
::1 - - [19/May/2017:14:46:08 +0200] "GET /phpmyadmin/themes/pmahomme/img/col_pointer.png HTTP/1.1" 200 113
::1 - - [19/May/2017:14:46:08 +0200] "GET /phpmyadmin/themes/pmahomme/img/col_drop.png HTTP/1.1" 200 132
::1 - - [19/May/2017:14:46:07 +0200] "GET /phpmyadmin/index.php?ajax_request=1&recent_table=1&token=e35ace3ac69829165e08b1bc34c35ca7 HTTP/1.1" 200 227
::1 - - [19/May/2017:15:15:29 +0200] "GET /phpmyadmin/ HTTP/1.1" 200 8195
::1 - - [19/May/2017:15:15:34 +0200] "POST /phpmyadmin/index.php HTTP/1.1" 302 -
::1 - - [19/May/2017:15:15:34 +0200] "GET /phpmyadmin/index.php?token=e35ace3ac69829165e08b1bc34c35ca7 HTTP/1.1" 200 45408
::1 - - [19/May/2017:15:15:35 +0200] "GET /phpmyadmin/version_check.php?&_nocache=1495199735051645162 HTTP/1.1" 200 39
::1 - - [19/May/2017:15:15:36 +0200] "GET /phpmyadmin/db_structure.php?server=1&db=magazijnrobot&token=e35ace3ac69829165e08b1bc34c35ca7&ajax_request=true&ajax_page_request=true&menuHashes=781df742&_nocache=1495199736271576912 HTTP/1.1" 200 12868
::1 - - [19/May/2017:15:15:38 +0200] "GET /phpmyadmin/sql.php?db=magazijnrobot&token=e35ace3ac69829165e08b1bc34c35ca7&goto=db_structure.php&table=product&pos=0&ajax_request=true&ajax_page_request=true&menuHashes=781df742-eef7348f&_nocache=1495199738529692896 HTTP/1.1" 200 61247
::1 - - [19/May/2017:15:15:38 +0200] "GET /phpmyadmin/index.php?ajax_request=1&recent_table=1&token=e35ace3ac69829165e08b1bc34c35ca7 HTTP/1.1" 200 227
::1 - - [19/May/2017:15:15:58 +0200] "GET /phpmyadmin/sql.php?db=magazijnrobot&table=product&sql_query=SELECT+%2A+FROM+%60product%60%0AORDER+BY+%60product%60.%60product_id%60+ASC&session_max_rows=30&token=e35ace3ac69829165e08b1bc34c35ca7&ajax_request=true&ajax_page_request=true&menuHashes=781df742-eef7348f-8f3237a1&_nocache=1495199758725795222 HTTP/1.1" 200 61576
::1 - - [19/May/2017:15:16:00 +0200] "GET /phpmyadmin/index.php?ajax_request=1&recent_table=1&token=e35ace3ac69829165e08b1bc34c35ca7 HTTP/1.1" 200 227
